<?xml version="1.0" encoding="UTF-8"?>
<!-- Generated by org.testng.reporters.JUnitReportReporter -->
<testsuite hostname="L-nout" failures="0" tests="1" name="pageGoogleObjectModel.test.GoogleCloudTest" time="32.466" errors="0" timestamp="22 Dec 2020 17:54:14 GMT" skipped="0">
  <testcase classname="pageGoogleObjectModel.test.GoogleCloudTest" name="sendEmailTest" time="32.466"/>
</testsuite> <!-- pageGoogleObjectModel.test.GoogleCloudTest -->
