<?xml version="1.0" encoding="UTF-8"?>
<!-- Generated by org.testng.reporters.JUnitReportReporter -->
<testsuite hostname="L-nout" failures="0" tests="1" name="pageGoogleObjectModel.test.GoogleCloudTest" time="39.069" errors="0" timestamp="23 Dec 2020 09:02:41 GMT" skipped="0">
  <testcase classname="pageGoogleObjectModel.test.GoogleCloudTest" name="sendEmailTest" time="39.069"/>
</testsuite> <!-- pageGoogleObjectModel.test.GoogleCloudTest -->
