<?xml version="1.0" encoding="UTF-8"?>
<!-- Generated by org.testng.reporters.JUnitReportReporter -->
<testsuite hostname="L-nout" failures="0" tests="1" name="pageGoogleObjectModel.test.GoogleCloudTest" time="30.448" errors="0" timestamp="23 Dec 2020 08:25:38 GMT" skipped="0">
  <testcase classname="pageGoogleObjectModel.test.GoogleCloudTest" name="sendEmailTest" time="30.448"/>
</testsuite> <!-- pageGoogleObjectModel.test.GoogleCloudTest -->
